{"numTotalTestSuites":2,"numPassedTestSuites":0,"numFailedTestSuites":2,"numPendingTestSuites":0,"numTotalTests":3,"numPassedTests":1,"numFailedTests":2,"numPendingTests":0,"numTodoTests":0,"snapshot":{"added":0,"failure":false,"filesAdded":0,"filesRemoved":0,"filesRemovedList":[],"filesUnmatched":0,"filesUpdated":0,"matched":0,"total":0,"unchecked":0,"uncheckedKeysByFile":[],"unmatched":0,"updated":0,"didUpdate":false},"startTime":1775138388784,"success":false,"testResults":[{"assertionResults":[{"ancestorTitles":["Relevance Gating & Verification Mode"],"fullName":"Relevance Gating & Verification Mode should penalize an off-topic response by capping the score and blocking skill credit","status":"failed","title":"should penalize an off-topic response by capping the score and blocking skill credit","duration":25.780900000000088,"failureMessages":["AssertionError: expected undefined to be true // Object.is equality\n    at E:/ai-language-tutor/src/tests/relevanceGating.test.ts:62:33\n    at processTicksAndRejections (node:internal/process/task_queues:103:5)\n    at file:///E:/ai-language-tutor/node_modules/@vitest/runner/dist/chunk-artifact.js:1893:20"],"meta":{},"tags":[]},{"ancestorTitles":["Relevance Gating & Verification Mode"],"fullName":"Relevance Gating & Verification Mode should trigger Verification Mode after an off-topic response","status":"failed","title":"should trigger Verification Mode after an off-topic response","duration":9.353600000000029,"failureMessages":["AssertionError: expected 'speaking' to be 'writing' // Object.is equality\n    at E:/ai-language-tutor/src/tests/relevanceGating.test.ts:92:39\n    at processTicksAndRejections (node:internal/process/task_queues:103:5)\n    at file:///E:/ai-language-tutor/node_modules/@vitest/runner/dist/chunk-artifact.js:1893:20"],"meta":{},"tags":[]},{"ancestorTitles":["Relevance Gating & Verification Mode"],"fullName":"Relevance Gating & Verification Mode should reduce credit for incomplete responses without marking as total failure","status":"passed","title":"should reduce credit for incomplete responses without marking as total failure","duration":2.4015999999999167,"failureMessages":[],"meta":{},"tags":[]}],"startTime":1775138389746,"endTime":1775138389783.4016,"status":"failed","message":"","name":"E:/ai-language-tutor/src/tests/relevanceGating.test.ts"}]}
